<?xml version="1.0" encoding="UTF-8"?>
<robot generator="Robot 7.0.1 (Python 3.12.5 on win32)" generated="2024-08-14T12:26:41.630718" rpa="false" schemaversion="5">
<suite id="s1" name="Yodapp-Robot" source="C:\QAx yoda\project\yodapp-robot">
<suite id="s1-s1" name="Tests" source="C:\QAx yoda\project\yodapp-robot\tests">
<suite id="s1-s1-s1" name="Click" source="C:\QAx yoda\project\yodapp-robot\tests\click.robot">
<test id="s1-s1-s1-t1" name="Deve realizar um clique simples" line="10">
<kw name="Start session">
<kw name="Open Application" owner="AppiumLibrary">
<kw name="Capture Page Screenshot" owner="AppiumLibrary">
<msg time="2024-08-14T12:26:44.365584" level="FAIL">No application is open</msg>
<doc>Takes a screenshot of the current page and embeds it into the log.</doc>
<status status="FAIL" start="2024-08-14T12:26:44.365584" elapsed="0.006311">No application is open</status>
</kw>
<msg time="2024-08-14T12:26:44.372900" level="WARN">Keyword 'Capture Page Screenshot' could not be run on failure: No application is open</msg>
<msg time="2024-08-14T12:26:44.373897" level="FAIL">WebDriverException: Message: An unknown server-side error occurred while processing the command. Original error: Could not find a driver for automationName 'UIAutomator24e3r' and platformName 'Android'. Have you installed a driver that supports those capabilities? Run 'appium driver list --installed' to see. (Lower-level error: Could not find installed driver to support given caps)
Stacktrace:
UnknownError: An unknown server-side error occurred while processing the command. Original error: Could not find a driver for automationName 'UIAutomator24e3r' and platformName 'Android'. Have you installed a driver that supports those capabilities? Run 'appium driver list --installed' to see. (Lower-level error: Could not find installed driver to support given caps)
    at getResponseForW3CError (C:\QAx yoda\project\yodapp-robot\node_modules\@appium\base-driver\lib\protocol\errors.js:1145:9)
    at asyncHandler (C:\QAx yoda\project\yodapp-robot\node_modules\@appium\base-driver\lib\protocol\protocol.js:485:57)</msg>
<arg>http://localhost:4723</arg>
<arg>platformName=Android</arg>
<arg>deviceName=device</arg>
<arg>automationName=UIAutomator24e3r</arg>
<arg>app=${EXECDIR}/app/yodapp-beta.apk</arg>
<arg>udid=emulator-5554</arg>
<arg>autoGrantPermissions=true</arg>
<doc>Opens a new application to given Appium server.
Capabilities of appium server, Android and iOS,
Please check https://appium.io/docs/en/2.1/cli/args/
| *Option*            | *Man.* | *Description*     |
| remote_url          | Yes    | Appium server url |
| alias               | no     | alias             |
| strict_ssl          | No     | allows you to send commands to an invalid certificate host like a self-signed one. |</doc>
<status status="FAIL" start="2024-08-14T12:26:41.968043" elapsed="2.408210">WebDriverException: Message: An unknown server-side error occurred while processing the command. Original error: Could not find a driver for automationName 'UIAutomator24e3r' and platformName 'Android'. Have you installed a driver that supports those capabilities? Run 'appium driver list --installed' to see. (Lower-level error: Could not find installed driver to support given caps)
Stacktrace:
UnknownError: An unknown server-side error occurred while processing the command. Original error: Could not find a driver for automationName 'UIAutomator24e3r' and platformName 'Android'. Have you installed a driver that supports those capabilities? Run 'appium driver list --installed' to see. (Lower-level error: Could not find installed driver to support given caps)
    at getResponseForW3CError (C:\QAx yoda\project\yodapp-robot\node_modules\@appium\base-driver\lib\protocol\errors.js:1145:9)
    at asyncHandler (C:\QAx yoda\project\yodapp-robot\node_modules\@appium\base-driver\lib\protocol\protocol.js:485:57)</status>
</kw>
<status status="FAIL" start="2024-08-14T12:26:41.967031" elapsed="2.409222">WebDriverException: Message: An unknown server-side error occurred while processing the command. Original error: Could not find a driver for automationName 'UIAutomator24e3r' and platformName 'Android'. Have you installed a driver that supports those capabilities? Run 'appium driver list --installed' to see. (Lower-level error: Could not find installed driver to support given caps)
Stacktrace:
UnknownError: An unknown server-side error occurred while processing the command. Original error: Could not find a driver for automationName 'UIAutomator24e3r' and platformName 'Android'. Have you installed a driver that supports those capabilities? Run 'appium driver list --installed' to see. (Lower-level error: Could not find installed driver to support given caps)
    at getResponseForW3CError (C:\QAx yoda\project\yodapp-robot\node_modules\@appium\base-driver\lib\protocol\errors.js:1145:9)
    at asyncHandler (C:\QAx yoda\project\yodapp-robot\node_modules\@appium\base-driver\lib\protocol\protocol.js:485:57)</status>
</kw>
<kw name="Get started">
<status status="NOT RUN" start="2024-08-14T12:26:44.376253" elapsed="0.000000"/>
</kw>
<kw name="Navigate to Clique em Botões">
<status status="NOT RUN" start="2024-08-14T12:26:44.377641" elapsed="0.000000"/>
</kw>
<kw name="Go to item Clique simples">
<status status="NOT RUN" start="2024-08-14T12:26:44.377641" elapsed="0.000000"/>
</kw>
<kw name="Click Text" owner="AppiumLibrary">
<arg>CLIQUE SIMPLES</arg>
<doc>Click text identified by ``text``.</doc>
<status status="NOT RUN" start="2024-08-14T12:26:44.377641" elapsed="0.000000"/>
</kw>
<kw name="Wait Until Page Contains" owner="AppiumLibrary">
<arg>Isso é um clique simples</arg>
<doc>Waits until `text` appears on current page.</doc>
<status status="NOT RUN" start="2024-08-14T12:26:44.379146" elapsed="0.000000"/>
</kw>
<status status="FAIL" start="2024-08-14T12:26:41.965524" elapsed="2.413622">WebDriverException: Message: An unknown server-side error occurred while processing the command. Original error: Could not find a driver for automationName 'UIAutomator24e3r' and platformName 'Android'. Have you installed a driver that supports those capabilities? Run 'appium driver list --installed' to see. (Lower-level error: Could not find installed driver to support given caps)
Stacktrace:
UnknownError: An unknown server-side error occurred while processing the command. Original error: Could not find a driver for automationName 'UIAutomator24e3r' and platformName 'Android'. Have you installed a driver that supports those capabilities? Run 'appium driver list --installed' to see. (Lower-level error: Could not find installed driver to support given caps)
    at getResponseForW3CError (C:\QAx yoda\project\yodapp-robot\node_modules\@appium\base-driver\lib\protocol\errors.js:1145:9)
    at asyncHandler (C:\QAx yoda\project\yodapp-robot\node_modules\@appium\base-driver\lib\protocol\protocol.js:485:57)</status>
</test>
<status status="FAIL" start="2024-08-14T12:26:41.714071" elapsed="2.667313"/>
</suite>
<status status="FAIL" start="2024-08-14T12:26:41.712071" elapsed="2.670790"/>
</suite>
<status status="FAIL" start="2024-08-14T12:26:41.689853" elapsed="2.695039"/>
</suite>
<statistics>
<total>
<stat pass="0" fail="1" skip="0">All Tests</stat>
</total>
<tag>
</tag>
<suite>
<stat pass="0" fail="1" skip="0" id="s1" name="Yodapp-Robot">Yodapp-Robot</stat>
<stat pass="0" fail="1" skip="0" id="s1-s1" name="Tests">Yodapp-Robot.Tests</stat>
<stat pass="0" fail="1" skip="0" id="s1-s1-s1" name="Click">Yodapp-Robot.Tests.Click</stat>
</suite>
</statistics>
<errors>
<msg time="2024-08-14T12:26:44.372900" level="WARN">Keyword 'Capture Page Screenshot' could not be run on failure: No application is open</msg>
</errors>
</robot>
